
SQL*Loader: Release 11.2.0.1.0 - Production on Sat Apr 12 19:03:12 2025

Copyright (c) 1982, 2009, Oracle and/or its affiliates.  All rights reserved.

Control File:   commandes.ctl
Data File:      commandes.csv
  Bad File:     commandes.bad
  Discard File:  none specified
 
 (Allow all discards)

Number to load: ALL
Number to skip: 0
Errors allowed: 50
Bind array:     64 rows, maximum of 256000 bytes
Continuation:    none specified
Path used:      Conventional

Table COMMANDES, loaded from every logical record.
Insert option in effect for this table: REPLACE

   Column Name                  Position   Len  Term Encl Datatype
------------------------------ ---------- ----- ---- ---- ---------------------
ID_COMMANDE                         FIRST     *   ,  O(") CHARACTER            
ID_CLIENT                            NEXT     *   ,  O(") CHARACTER            
DATE_COMMANDE                        NEXT     *   ,  O(") DATE YYYY-MM-DD HH24:MI:SS

Record 1: Rejected - Error on table COMMANDES, column ID_COMMANDE.
ORA-01722: invalid number


Table COMMANDES:
  50000 Rows successfully loaded.
  1 Row not loaded due to data errors.
  0 Rows not loaded because all WHEN clauses were failed.
  0 Rows not loaded because all fields were null.


Space allocated for bind array:                  49536 bytes(64 rows)
Read   buffer bytes: 1048576

Total logical records skipped:          0
Total logical records read:         50001
Total logical records rejected:         1
Total logical records discarded:        0

Run began on Sat Apr 12 19:03:12 2025
Run ended on Sat Apr 12 19:03:52 2025

Elapsed time was:     00:00:40.47
CPU time was:         00:00:02.25
