
SQL*Loader: Release 11.2.0.1.0 - Production on Tue Apr 1 12:07:27 2025

Copyright (c) 1982, 2009, Oracle and/or its affiliates.  All rights reserved.

Control File:   lignes_commande.ctl
Data File:      lignes_commande.csv
  Bad File:     lignes_commande.bad
  Discard File:  none specified
 
 (Allow all discards)

Number to load: ALL
Number to skip: 0
Errors allowed: 50
Bind array:     64 rows, maximum of 256000 bytes
Continuation:    none specified
Path used:      Conventional

Table LIGNES_COMMANDE, loaded from every logical record.
Insert option in effect for this table: REPLACE

   Column Name                  Position   Len  Term Encl Datatype
------------------------------ ---------- ----- ---- ---- ---------------------
ID_LIGNE                            FIRST     *   ,  O(") CHARACTER            
ID_COMMANDE                          NEXT     *   ,  O(") CHARACTER            
ID_PRODUIT                           NEXT     *   ,  O(") CHARACTER            
QUANTITE                             NEXT     *   ,  O(") CHARACTER            

Record 1: Rejected - Error on table LIGNES_COMMANDE, column ID_LIGNE.
ORA-01722: invalid number

Record 2: Rejected - Error on table LIGNES_COMMANDE.
ORA-02291: integrity constraint (COMMERCE_USER.SYS_C0011053) violated - parent key not found

Record 3: Rejected - Error on table LIGNES_COMMANDE.
ORA-02291: integrity constraint (COMMERCE_USER.SYS_C0011053) violated - parent key not found

Record 4: Rejected - Error on table LIGNES_COMMANDE.
ORA-02291: integrity constraint (COMMERCE_USER.SYS_C0011053) violated - parent key not found

Record 5: Rejected - Error on table LIGNES_COMMANDE.
ORA-02291: integrity constraint (COMMERCE_USER.SYS_C0011053) violated - parent key not found

Record 6: Rejected - Error on table LIGNES_COMMANDE.
ORA-02291: integrity constraint (COMMERCE_USER.SYS_C0011053) violated - parent key not found

Record 7: Rejected - Error on table LIGNES_COMMANDE.
ORA-02291: integrity constraint (COMMERCE_USER.SYS_C0011053) violated - parent key not found

Record 8: Rejected - Error on table LIGNES_COMMANDE.
ORA-02291: integrity constraint (COMMERCE_USER.SYS_C0011053) violated - parent key not found

Record 9: Rejected - Error on table LIGNES_COMMANDE.
ORA-02291: integrity constraint (COMMERCE_USER.SYS_C0011053) violated - parent key not found

Record 10: Rejected - Error on table LIGNES_COMMANDE.
ORA-02291: integrity constraint (COMMERCE_USER.SYS_C0011053) violated - parent key not found

Record 11: Rejected - Error on table LIGNES_COMMANDE.
ORA-02291: integrity constraint (COMMERCE_USER.SYS_C0011053) violated - parent key not found

Record 12: Rejected - Error on table LIGNES_COMMANDE.
ORA-02291: integrity constraint (COMMERCE_USER.SYS_C0011053) violated - parent key not found

Record 13: Rejected - Error on table LIGNES_COMMANDE.
ORA-02291: integrity constraint (COMMERCE_USER.SYS_C0011053) violated - parent key not found

Record 14: Rejected - Error on table LIGNES_COMMANDE.
ORA-02291: integrity constraint (COMMERCE_USER.SYS_C0011053) violated - parent key not found

Record 15: Rejected - Error on table LIGNES_COMMANDE.
ORA-02291: integrity constraint (COMMERCE_USER.SYS_C0011053) violated - parent key not found

Record 16: Rejected - Error on table LIGNES_COMMANDE.
ORA-02291: integrity constraint (COMMERCE_USER.SYS_C0011053) violated - parent key not found

Record 17: Rejected - Error on table LIGNES_COMMANDE.
ORA-02291: integrity constraint (COMMERCE_USER.SYS_C0011053) violated - parent key not found

Record 18: Rejected - Error on table LIGNES_COMMANDE.
ORA-02291: integrity constraint (COMMERCE_USER.SYS_C0011053) violated - parent key not found

Record 19: Rejected - Error on table LIGNES_COMMANDE.
ORA-02291: integrity constraint (COMMERCE_USER.SYS_C0011053) violated - parent key not found

Record 20: Rejected - Error on table LIGNES_COMMANDE.
ORA-02291: integrity constraint (COMMERCE_USER.SYS_C0011053) violated - parent key not found

Record 21: Rejected - Error on table LIGNES_COMMANDE.
ORA-02291: integrity constraint (COMMERCE_USER.SYS_C0011053) violated - parent key not found

Record 22: Rejected - Error on table LIGNES_COMMANDE.
ORA-02291: integrity constraint (COMMERCE_USER.SYS_C0011053) violated - parent key not found

Record 23: Rejected - Error on table LIGNES_COMMANDE.
ORA-02291: integrity constraint (COMMERCE_USER.SYS_C0011053) violated - parent key not found

Record 24: Rejected - Error on table LIGNES_COMMANDE.
ORA-02291: integrity constraint (COMMERCE_USER.SYS_C0011053) violated - parent key not found

Record 25: Rejected - Error on table LIGNES_COMMANDE.
ORA-02291: integrity constraint (COMMERCE_USER.SYS_C0011053) violated - parent key not found

Record 26: Rejected - Error on table LIGNES_COMMANDE.
ORA-02291: integrity constraint (COMMERCE_USER.SYS_C0011053) violated - parent key not found

Record 27: Rejected - Error on table LIGNES_COMMANDE.
ORA-02291: integrity constraint (COMMERCE_USER.SYS_C0011053) violated - parent key not found

Record 28: Rejected - Error on table LIGNES_COMMANDE.
ORA-02291: integrity constraint (COMMERCE_USER.SYS_C0011053) violated - parent key not found

Record 29: Rejected - Error on table LIGNES_COMMANDE.
ORA-02291: integrity constraint (COMMERCE_USER.SYS_C0011053) violated - parent key not found

Record 30: Rejected - Error on table LIGNES_COMMANDE.
ORA-02291: integrity constraint (COMMERCE_USER.SYS_C0011053) violated - parent key not found

Record 31: Rejected - Error on table LIGNES_COMMANDE.
ORA-02291: integrity constraint (COMMERCE_USER.SYS_C0011053) violated - parent key not found


Table LIGNES_COMMANDE:
  0 Rows successfully loaded.
  31 Rows not loaded due to data errors.
  0 Rows not loaded because all WHEN clauses were failed.
  0 Rows not loaded because all fields were null.


Space allocated for bind array:                  66048 bytes(64 rows)
Read   buffer bytes: 1048576

Total logical records skipped:          0
Total logical records read:            31
Total logical records rejected:        31
Total logical records discarded:        0

Run began on Tue Apr 01 12:07:27 2025
Run ended on Tue Apr 01 12:07:31 2025

Elapsed time was:     00:00:03.22
CPU time was:         00:00:00.39
