
SQL*Loader: Release 11.2.0.1.0 - Production on Tue Apr 1 12:08:01 2025

Copyright (c) 1982, 2009, Oracle and/or its affiliates.  All rights reserved.

Control File:   produits.ctl
Data File:      produits.csv
  Bad File:     produits.bad
  Discard File:  none specified
 
 (Allow all discards)

Number to load: ALL
Number to skip: 0
Errors allowed: 50
Bind array:     64 rows, maximum of 256000 bytes
Continuation:    none specified
Path used:      Conventional

Table PRODUITS, loaded from every logical record.
Insert option in effect for this table: REPLACE

   Column Name                  Position   Len  Term Encl Datatype
------------------------------ ---------- ----- ---- ---- ---------------------
ID_PRODUIT                          FIRST     *   ,  O(") CHARACTER            
NOM                                  NEXT     *   ,  O(") CHARACTER            
DESCRIPTION                          NEXT     *   ,  O(") CHARACTER            
PRIX                                 NEXT     *   ,  O(") CHARACTER            

Record 1: Rejected - Error on table PRODUITS, column ID_PRODUIT.
ORA-01722: invalid number


Table PRODUITS:
  20 Rows successfully loaded.
  1 Row not loaded due to data errors.
  0 Rows not loaded because all WHEN clauses were failed.
  0 Rows not loaded because all fields were null.


Space allocated for bind array:                  66048 bytes(64 rows)
Read   buffer bytes: 1048576

Total logical records skipped:          0
Total logical records read:            21
Total logical records rejected:         1
Total logical records discarded:        0

Run began on Tue Apr 01 12:08:01 2025
Run ended on Tue Apr 01 12:08:03 2025

Elapsed time was:     00:00:01.69
CPU time was:         00:00:00.33
